#
# There is insufficient memory for the Java Runtime Environment to continue.
# Native memory allocation (mmap) failed to map 100663296 bytes for G1 virtual space
# Possible reasons:
#   The system is out of physical RAM or swap space
#   The process is running with CompressedOops enabled, and the Java Heap may be blocking the growth of the native heap
# Possible solutions:
#   Reduce memory load on the system
#   Increase physical memory or swap space
#   Check if swap backing store is full
#   Decrease Java heap size (-Xmx/-Xms)
#   Decrease number of Java threads
#   Decrease Java thread stack sizes (-Xss)
#   Set larger code cache with -XX:ReservedCodeCacheSize=
#   JVM is running with Unscaled Compressed Oops mode in which the Java heap is
#     placed in the first 4GB address space. The Java Heap base address is the
#     maximum limit for the native heap growth. Please use -XX:HeapBaseMinAddress
#     to set the Java Heap base and to place the Java Heap above 4GB virtual address.
# This output file may be truncated or incomplete.
#
#  Out of Memory Error (os_windows.cpp:3825), pid=22240, tid=20060
#
# JRE version:  (17.0.9+7) (build )
# Java VM: OpenJDK 64-Bit Server VM (17.0.9+7-b1087.9, mixed mode, sharing, tiered, compressed oops, compressed class ptrs, g1 gc, windows-amd64)
# No core dump will be written. Minidumps are not enabled by default on client versions of Windows
#

---------------  S U M M A R Y ------------

Command Line: git4idea.http.GitAskPassApp Username for 'https://github.com': 

Host: AMD Ryzen 5 3500U with Radeon Vega Mobile Gfx  , 8 cores, 5G,  Windows 11 , 64 bit Build 22621 (10.0.22621.3235)
Time: Thu Apr  4 06:43:05 2024 Romance Daylight Time elapsed time: 0.014983 seconds (0d 0h 0m 0s)

---------------  T H R E A D  ---------------

Current thread (0x0000017eafd6bc30):  JavaThread "Unknown thread" [_thread_in_vm, id=20060, stack(0x000000709a900000,0x000000709aa00000)]

Stack: [0x000000709a900000,0x000000709aa00000]
Native frames: (J=compiled Java code, j=interpreted, Vv=VM code, C=native code)
V  [jvm.dll+0x688349]
V  [jvm.dll+0x841bfa]
V  [jvm.dll+0x84383e]
V  [jvm.dll+0x843ea3]
V  [jvm.dll+0x24bdef]
V  [jvm.dll+0x6850f9]
V  [jvm.dll+0x67988a]
V  [jvm.dll+0x30cbfb]
V  [jvm.dll+0x3140a6]
V  [jvm.dll+0x363ede]
V  [jvm.dll+0x36410f]
V  [jvm.dll+0x2e29c8]
V  [jvm.dll+0x2e3934]
V  [jvm.dll+0x812771]
V  [jvm.dll+0x371d41]
V  [jvm.dll+0x7f12bc]
V  [jvm.dll+0x3f59cf]
V  [jvm.dll+0x3f7601]
C  [jli.dll+0x528f]
C  [ucrtbase.dll+0x29363]
C  [KERNEL32.DLL+0x1257d]
C  [ntdll.dll+0x5aa58]


---------------  P R O C E S S  ---------------

Threads class SMR info:
_java_thread_list=0x00007ffa5e83df18, length=0, elements={
}

Java Threads: ( => current thread )

Other Threads:
  0x0000017eafdb85a0 GCTaskThread "GC Thread#0" [stack: 0x000000709aa00000,0x000000709ab00000] [id=21128]
  0x0000017eafdc5330 ConcurrentGCThread "G1 Main Marker" [stack: 0x000000709ab00000,0x000000709ac00000] [id=22232]
  0x0000017eafdc64f0 ConcurrentGCThread "G1 Conc#0" [stack: 0x000000709ac00000,0x000000709ad00000] [id=20552]

[error occurred during error reporting (printing all threads), id 0xc0000005, EXCEPTION_ACCESS_VIOLATION (0xc0000005) at pc=0x00007ffa5dff3597]

VM state: not at safepoint (not fully initialized)

VM Mutex/Monitor currently owned by a thread:  ([mutex/lock_event])
[0x0000017eafd65700] Heap_lock - owner thread: 0x0000017eafd6bc30

Heap address: 0x00000000a0e00000, size: 1522 MB, Compressed Oops mode: 32-bit

CDS archive(s) mapped at: [0x0000000000000000-0x0000000000000000-0x0000000000000000), size 0, SharedBaseAddress: 0x0000000800000000, ArchiveRelocationMode: 1.
Narrow klass base: 0x0000000000000000, Narrow klass shift: 0, Narrow klass range: 0x0

GC Precious Log:
<Empty>

Heap:
 garbage-first heap   total 0K, used 0K [0x00000000a0e00000, 0x0000000100000000)
  region size 1024K, 0 young (0K), 0 survivors (0K)
 Metaspace       used 0K, committed 0K, reserved 0K
  class space    used 0K, committed 0K, reserved 0K

Heap Regions: E=young(eden), S=young(survivor), O=old, HS=humongous(starts), HC=humongous(continues), CS=collection set, F=free, OA=open archive, CA=closed archive, TAMS=top-at-mark-start (previous, next)

Card table byte_map: [0x0000017ec4a30000,0x0000017ec4d30000] _byte_map_base: 0x0000017ec4529000

Marking Bits (Prev, Next): (CMBitMap*) 0x0000017eafdb8bc0, (CMBitMap*) 0x0000017eafdb8c00
 Prev Bits: [0x0000017ec5030000, 0x0000017ec67f8000)
 Next Bits: [0x0000017ec6800000, 0x0000017ec7fc8000)

GC Heap History (0 events):
No events

Dll operation events (1 events):
Event: 0.011 Loaded shared library C:\Program Files\JetBrains\IntelliJ IDEA Community Edition 2023.3.2\jbr\bin\java.dll

Deoptimization events (0 events):
No events

Classes unloaded (0 events):
No events

Classes redefined (0 events):
No events

Internal exceptions (0 events):
No events

VM Operations (0 events):
No events

Events (0 events):
No events


Dynamic libraries:
0x00007ff7272e0000 - 0x00007ff7272ea000 	C:\Program Files\JetBrains\IntelliJ IDEA Community Edition 2023.3.2\jbr\bin\java.exe
0x00007ffab2db0000 - 0x00007ffab2fc6000 	C:\WINDOWS\SYSTEM32\ntdll.dll
0x00007ffab2040000 - 0x00007ffab2104000 	C:\WINDOWS\System32\KERNEL32.DLL
0x00007ffab00f0000 - 0x00007ffab0496000 	C:\WINDOWS\System32\KERNELBASE.dll
0x00007ffab08c0000 - 0x00007ffab09d1000 	C:\WINDOWS\System32\ucrtbase.dll
0x00007ffaad290000 - 0x00007ffaad2ab000 	C:\Program Files\JetBrains\IntelliJ IDEA Community Edition 2023.3.2\jbr\bin\VCRUNTIME140.dll
0x00007ffaa4dd0000 - 0x00007ffaa4de7000 	C:\Program Files\JetBrains\IntelliJ IDEA Community Edition 2023.3.2\jbr\bin\jli.dll
0x00007ffab0f30000 - 0x00007ffab10dd000 	C:\WINDOWS\System32\USER32.dll
0x00007ffab0820000 - 0x00007ffab0846000 	C:\WINDOWS\System32\win32u.dll
0x00007ffaa4eb0000 - 0x00007ffaa5143000 	C:\WINDOWS\WinSxS\amd64_microsoft.windows.common-controls_6595b64144ccf1df_6.0.22621.3235_none_270f74e173860f98\COMCTL32.dll
0x00007ffab1210000 - 0x00007ffab12b7000 	C:\WINDOWS\System32\msvcrt.dll
0x00007ffab10e0000 - 0x00007ffab1109000 	C:\WINDOWS\System32\GDI32.dll
0x00007ffab0640000 - 0x00007ffab0758000 	C:\WINDOWS\System32\gdi32full.dll
0x00007ffab09e0000 - 0x00007ffab0a7a000 	C:\WINDOWS\System32\msvcp_win.dll
0x00007ffab0ef0000 - 0x00007ffab0f21000 	C:\WINDOWS\System32\IMM32.DLL
0x00007ffaab6b0000 - 0x00007ffaab6bc000 	C:\Program Files\JetBrains\IntelliJ IDEA Community Edition 2023.3.2\jbr\bin\vcruntime140_1.dll
0x00007ffaa97c0000 - 0x00007ffaa984d000 	C:\Program Files\JetBrains\IntelliJ IDEA Community Edition 2023.3.2\jbr\bin\msvcp140.dll
0x00007ffa5dd00000 - 0x00007ffa5e982000 	C:\Program Files\JetBrains\IntelliJ IDEA Community Edition 2023.3.2\jbr\bin\server\jvm.dll
0x00007ffab2110000 - 0x00007ffab21c2000 	C:\WINDOWS\System32\ADVAPI32.dll
0x00007ffab2bc0000 - 0x00007ffab2c68000 	C:\WINDOWS\System32\sechost.dll
0x00007ffab0610000 - 0x00007ffab0638000 	C:\WINDOWS\System32\bcrypt.dll
0x00007ffab1490000 - 0x00007ffab15a5000 	C:\WINDOWS\System32\RPCRT4.dll
0x00007ffaad2b0000 - 0x00007ffaad2b9000 	C:\WINDOWS\SYSTEM32\WSOCK32.dll
0x00007ffaaffc0000 - 0x00007ffab000d000 	C:\WINDOWS\SYSTEM32\POWRPROF.dll
0x00007ffab12c0000 - 0x00007ffab1331000 	C:\WINDOWS\System32\WS2_32.dll
0x00007ffaa55c0000 - 0x00007ffaa55ca000 	C:\WINDOWS\SYSTEM32\VERSION.dll
0x00007ffaa8ea0000 - 0x00007ffaa8ed4000 	C:\WINDOWS\SYSTEM32\WINMM.dll
0x00007ffaaffa0000 - 0x00007ffaaffb3000 	C:\WINDOWS\SYSTEM32\UMPDC.dll
0x00007ffaaf130000 - 0x00007ffaaf148000 	C:\WINDOWS\SYSTEM32\kernel.appcore.dll
0x00007ffaab6a0000 - 0x00007ffaab6aa000 	C:\Program Files\JetBrains\IntelliJ IDEA Community Edition 2023.3.2\jbr\bin\jimage.dll
0x00007ffaaa150000 - 0x00007ffaaa383000 	C:\WINDOWS\SYSTEM32\DBGHELP.DLL
0x00007ffab0b00000 - 0x00007ffab0e88000 	C:\WINDOWS\System32\combase.dll
0x00007ffab1130000 - 0x00007ffab1207000 	C:\WINDOWS\System32\OLEAUT32.dll
0x00007ffaa3dd0000 - 0x00007ffaa3e02000 	C:\WINDOWS\SYSTEM32\dbgcore.DLL
0x00007ffab0a80000 - 0x00007ffab0afa000 	C:\WINDOWS\System32\bcryptPrimitives.dll
0x00007ffaab5c0000 - 0x00007ffaab5e5000 	C:\Program Files\JetBrains\IntelliJ IDEA Community Edition 2023.3.2\jbr\bin\java.dll

dbghelp: loaded successfully - version: 4.0.5 - missing functions: none
symbol engine: initialized successfully - sym options: 0x614 - pdb path: .;C:\Program Files\JetBrains\IntelliJ IDEA Community Edition 2023.3.2\jbr\bin;C:\WINDOWS\SYSTEM32;C:\WINDOWS\WinSxS\amd64_microsoft.windows.common-controls_6595b64144ccf1df_6.0.22621.3235_none_270f74e173860f98;C:\Program Files\JetBrains\IntelliJ IDEA Community Edition 2023.3.2\jbr\bin\server

VM Arguments:
java_command: git4idea.http.GitAskPassApp Username for 'https://github.com': 
java_class_path (initial): C:/Program Files/JetBrains/IntelliJ IDEA Community Edition 2023.3.2/plugins/vcs-git/lib/git4idea-rt.jar;C:/Program Files/JetBrains/IntelliJ IDEA Community Edition 2023.3.2/lib/externalProcess-rt.jar
Launcher Type: SUN_STANDARD

[Global flags]
     intx CICompilerCount                          = 4                                         {product} {ergonomic}
     uint ConcGCThreads                            = 2                                         {product} {ergonomic}
     uint G1ConcRefinementThreads                  = 8                                         {product} {ergonomic}
   size_t G1HeapRegionSize                         = 1048576                                   {product} {ergonomic}
    uintx GCDrainStackTargetSize                   = 64                                        {product} {ergonomic}
   size_t InitialHeapSize                          = 100663296                                 {product} {ergonomic}
   size_t MarkStackSize                            = 4194304                                   {product} {ergonomic}
   size_t MaxHeapSize                              = 1595932672                                {product} {ergonomic}
   size_t MinHeapDeltaBytes                        = 1048576                                   {product} {ergonomic}
   size_t MinHeapSize                              = 8388608                                   {product} {ergonomic}
    uintx NonNMethodCodeHeapSize                   = 5839372                                {pd product} {ergonomic}
    uintx NonProfiledCodeHeapSize                  = 122909434                              {pd product} {ergonomic}
    uintx ProfiledCodeHeapSize                     = 122909434                              {pd product} {ergonomic}
    uintx ReservedCodeCacheSize                    = 251658240                              {pd product} {ergonomic}
     bool SegmentedCodeCache                       = true                                      {product} {ergonomic}
   size_t SoftMaxHeapSize                          = 1595932672                             {manageable} {ergonomic}
     bool UseCompressedClassPointers               = true                           {product lp64_product} {ergonomic}
     bool UseCompressedOops                        = true                           {product lp64_product} {ergonomic}
     bool UseG1GC                                  = true                                      {product} {ergonomic}
     bool UseLargePagesIndividualAllocation        = false                                  {pd product} {ergonomic}

Logging:
Log output configuration:
 #0: stdout all=warning uptime,level,tags
 #1: stderr all=off uptime,level,tags

Environment Variables:
JAVA_HOME=C:\Program Files\Java\jdk-21
PATH=C:\Program Files\Git\mingw64\libexec\git-core;C:\Program Files\Git\mingw64\libexec\git-core;C:\Program Files\Git\mingw64\bin;C:\Program Files\Git\usr\bin;C:\Users\bio\bin;C:\Program Files\Common Files\Oracle\Java\javapath;C:\WINDOWS\system32;C:\WINDOWS;C:\WINDOWS\System32\Wbem;C:\WINDOWS\System32\WindowsPowerShell\v1.0;C:\WINDOWS\System32\OpenSSH;C:\Program Files\Git\cmd;C:\Program Files\Java\jdk-21\bin;C:\Users\bio\AppData\Local\Microsoft\WindowsApps;C:\Users\bio\AppData\Local\Programs\Microsoft VS Code\bin;C:\Users\bio\AppData\Local\GitHubDesktop\bin;C:\Program Files\JetBrains\IntelliJ IDEA Community Edition 2023.3.2\bin
USERNAME=bio
DISPLAY=:0.0
LC_ALL=en_US.UTF-8
TERM=xterm-256color
TMPDIR=C:\Users\bio\AppData\Local\Temp
OS=Windows_NT
PROCESSOR_IDENTIFIER=AMD64 Family 23 Model 24 Stepping 1, AuthenticAMD
TMP=C:\Users\bio\AppData\Local\Temp
TEMP=C:\Users\bio\AppData\Local\Temp



Periodic native trim disabled

JNI global refs:
JNI global refs: 0, weak refs: 0

JNI global refs memory usage: 0, weak refs: 0

OOME stack traces (most recent first):
Classloader memory used:


---------------  S Y S T E M  ---------------

OS:
 Windows 11 , 64 bit Build 22621 (10.0.22621.3235)
OS uptime: 1 days 3:28 hours

CPU: total 8 (initial active 8) (8 cores per cpu, 2 threads per core) family 23 model 24 stepping 1 microcode 0x0, cx8, cmov, fxsr, ht, mmx, 3dnowpref, sse, sse2, sse3, ssse3, sse4a, sse4.1, sse4.2, popcnt, lzcnt, tsc, tscinvbit, avx, avx2, aes, clmul, bmi1, bmi2, adx, sha, fma, vzeroupper, clflush, clflushopt
Processor Information for all 8 processors :
  Max Mhz: 2100, Current Mhz: 2100, Mhz Limit: 2100

Memory: 4k page, system-wide physical 6082M (315M free)
TotalPageFile size 24514M (AvailPageFile size 73M)
current process WorkingSet (physical memory assigned to process): 11M, peak: 11M
current process commit charge ("private bytes"): 60M, peak: 156M

vm_info: OpenJDK 64-Bit Server VM (17.0.9+7-b1087.9) for windows-amd64 JRE (17.0.9+7-b1087.9), built on 2023-12-05 by "builduser" with MS VC++ 16.10 / 16.11 (VS2019)

END.
